573046767743:ENCOLADO ans_effcea47-c0ff-49c2-848c-57502b0c7e4b
EJECUTANDO:ans_effcea47-c0ff-49c2-848c-57502b0c7e4b
573046767743:SUCCESS
573046767743:ENCOLADO ans_605ec2fa-00b9-4817-a5f3-a0526c89791f
EJECUTANDO:ans_605ec2fa-00b9-4817-a5f3-a0526c89791f
573046767743:SUCCESS
573046767743:ENCOLADO ans_c0e1f2db-bdad-49f1-8c4f-fbf1f5306c03
EJECUTANDO:ans_c0e1f2db-bdad-49f1-8c4f-fbf1f5306c03
573046767743:SUCCESS
573046767743:ENCOLADO ans_b25cdba7-28dc-4973-88b7-406eed952225
EJECUTANDO:ans_b25cdba7-28dc-4973-88b7-406eed952225
573046767743:SUCCESS
573046767743:ENCOLADO ans_e34f7f69-35c8-4a20-8e92-6f01bd7f04e4
EJECUTANDO:ans_e34f7f69-35c8-4a20-8e92-6f01bd7f04e4
573046767743:SUCCESS
573046767743:ENCOLADO ans_5fea7875-f742-4a20-ba3f-0bbd45b7baaa
EJECUTANDO:ans_5fea7875-f742-4a20-ba3f-0bbd45b7baaa
573046767743:SUCCESS
573046767743:ENCOLADO ans_b25cdba7-28dc-4973-88b7-406eed952225
EJECUTANDO:ans_b25cdba7-28dc-4973-88b7-406eed952225
573046767743:SUCCESS
573046767743:ENCOLADO ans_effcea47-c0ff-49c2-848c-57502b0c7e4b
EJECUTANDO:ans_effcea47-c0ff-49c2-848c-57502b0c7e4b
573046767743:ENCOLADO ans_b25cdba7-28dc-4973-88b7-406eed952225
573046767743:ENCOLADO ans_effcea47-c0ff-49c2-848c-57502b0c7e4b
573046767743:ENCOLADO ans_effcea47-c0ff-49c2-848c-57502b0c7e4b
573046767743:SUCCESS
573046767743:ERROR: "cancelled"
573046767743:ERROR: "cancelled"
573046767743:ENCOLADO ans_605ec2fa-00b9-4817-a5f3-a0526c89791f
EJECUTANDO:ans_605ec2fa-00b9-4817-a5f3-a0526c89791f
573046767743:ENCOLADO ans_605ec2fa-00b9-4817-a5f3-a0526c89791f
573046767743:SUCCESS
573046767743:SUCCESS
573046767743:ENCOLADO ans_605ec2fa-00b9-4817-a5f3-a0526c89791f
EJECUTANDO:ans_605ec2fa-00b9-4817-a5f3-a0526c89791f
573046767743:SUCCESS
573046767743:SUCCESS
573046767743:ENCOLADO ans_c0e1f2db-bdad-49f1-8c4f-fbf1f5306c03
EJECUTANDO:ans_c0e1f2db-bdad-49f1-8c4f-fbf1f5306c03
573046767743:SUCCESS
573046767743:ENCOLADO ans_b25cdba7-28dc-4973-88b7-406eed952225
EJECUTANDO:ans_b25cdba7-28dc-4973-88b7-406eed952225
573046767743:SUCCESS
573046767743:ENCOLADO ans_e34f7f69-35c8-4a20-8e92-6f01bd7f04e4
EJECUTANDO:ans_e34f7f69-35c8-4a20-8e92-6f01bd7f04e4
573046767743:SUCCESS
573046767743:ENCOLADO ans_08574100-d216-4e44-b5ec-99f3738b5c22
EJECUTANDO:ans_08574100-d216-4e44-b5ec-99f3738b5c22
573046767743:SUCCESS
573046767743:ENCOLADO ans_745c57a1-94b3-4dd5-bbc1-5ea5e252be0a
EJECUTANDO:ans_745c57a1-94b3-4dd5-bbc1-5ea5e252be0a
573046767743:SUCCESS
573046767743:ENCOLADO ans_c0e1f2db-bdad-49f1-8c4f-fbf1f5306c03
EJECUTANDO:ans_c0e1f2db-bdad-49f1-8c4f-fbf1f5306c03
573046767743:SUCCESS
573046767743:ENCOLADO ans_b25cdba7-28dc-4973-88b7-406eed952225
EJECUTANDO:ans_b25cdba7-28dc-4973-88b7-406eed952225
573046767743:SUCCESS
573046767743:ENCOLADO ans_e34f7f69-35c8-4a20-8e92-6f01bd7f04e4
EJECUTANDO:ans_e34f7f69-35c8-4a20-8e92-6f01bd7f04e4
573046767743:SUCCESS
573046767743:ENCOLADO ans_08574100-d216-4e44-b5ec-99f3738b5c22
EJECUTANDO:ans_08574100-d216-4e44-b5ec-99f3738b5c22
573046767743:SUCCESS
573046767743:ENCOLADO ans_745c57a1-94b3-4dd5-bbc1-5ea5e252be0a
EJECUTANDO:ans_745c57a1-94b3-4dd5-bbc1-5ea5e252be0a
573046767743:SUCCESS
573046767743:ENCOLADO ans_effcea47-c0ff-49c2-848c-57502b0c7e4b
EJECUTANDO:ans_effcea47-c0ff-49c2-848c-57502b0c7e4b
573046767743:SUCCESS
573046767743:ENCOLADO ans_605ec2fa-00b9-4817-a5f3-a0526c89791f
EJECUTANDO:ans_605ec2fa-00b9-4817-a5f3-a0526c89791f
573046767743:SUCCESS
573046767743:ENCOLADO ans_c0e1f2db-bdad-49f1-8c4f-fbf1f5306c03
EJECUTANDO:ans_c0e1f2db-bdad-49f1-8c4f-fbf1f5306c03
573046767743:SUCCESS
573046767743:ENCOLADO ans_b25cdba7-28dc-4973-88b7-406eed952225
EJECUTANDO:ans_b25cdba7-28dc-4973-88b7-406eed952225
573046767743:SUCCESS
573046767743:ENCOLADO ans_5fea7875-f742-4a20-ba3f-0bbd45b7baaa
EJECUTANDO:ans_5fea7875-f742-4a20-ba3f-0bbd45b7baaa
573046767743:SUCCESS
573046767743:ENCOLADO ans_b25cdba7-28dc-4973-88b7-406eed952225
EJECUTANDO:ans_b25cdba7-28dc-4973-88b7-406eed952225
573046767743:SUCCESS
573046767743:ENCOLADO ans_e34f7f69-35c8-4a20-8e92-6f01bd7f04e4
EJECUTANDO:ans_e34f7f69-35c8-4a20-8e92-6f01bd7f04e4
573046767743:SUCCESS
573046767743:ENCOLADO ans_5fea7875-f742-4a20-ba3f-0bbd45b7baaa
EJECUTANDO:ans_5fea7875-f742-4a20-ba3f-0bbd45b7baaa
573046767743:SUCCESS
